[debug] [2023-02-01T09:19:44.801Z] ----------------------------------------------------------------------
[debug] [2023-02-01T09:19:44.802Z] Command:       /Users/zurabmagomadov/.volta/tools/image/node/14.21.1/bin/node /Users/zurabmagomadov/.volta/tools/image/packages/firebase-tools/bin/firebase init
[debug] [2023-02-01T09:19:44.803Z] CLI Version:   11.22.0
[debug] [2023-02-01T09:19:44.803Z] Platform:      darwin
[debug] [2023-02-01T09:19:44.803Z] Node Version:  v14.21.1
[debug] [2023-02-01T09:19:44.804Z] Time:          Wed Feb 01 2023 12:19:44 GMT+0300 (Moscow Standard Time)
[debug] [2023-02-01T09:19:44.804Z] ----------------------------------------------------------------------
[debug] 
[debug] [2023-02-01T09:19:44.812Z] > command requires scopes: ["email","openid","https://www.googleapis.com/auth/cloudplatformprojects.readonly","https://www.googleapis.com/auth/firebase","https://www.googleapis.com/auth/cloud-platform"]
[debug] [2023-02-01T09:19:44.812Z] > authorizing via signed-in user (zurab.magomadov@idpllc.ru)
[info] 
     ######## #### ########  ######## ########     ###     ######  ########
     ##        ##  ##     ## ##       ##     ##  ##   ##  ##       ##
     ######    ##  ########  ######   ########  #########  ######  ######
     ##        ##  ##    ##  ##       ##     ## ##     ##       ## ##
     ##       #### ##     ## ######## ########  ##     ##  ######  ########

You're about to initialize a Firebase project in this directory:

  /Users/zurabmagomadov/projects/zyfra/sdk/zui-sdk-public

[info] 
=== Project Setup
[info] 
[info] First, let's associate this project directory with a Firebase project.
[info] You can create multiple project aliases by running firebase use --add, 
[info] but for now we'll just set up a default project.
[info] 
[debug] [2023-02-01T09:19:49.093Z] >>> [apiv2][query] GET https://firebase.googleapis.com/v1beta1/projects pageSize=100
[debug] [2023-02-01T09:19:49.716Z] <<< [apiv2][status] GET https://firebase.googleapis.com/v1beta1/projects 200
[debug] [2023-02-01T09:19:49.717Z] <<< [apiv2][body] GET https://firebase.googleapis.com/v1beta1/projects [omitted]
[info] i  Using project prizmui (prizm) 
[info] 
=== Hosting Setup
[info] 
[info] Your public directory is the folder (relative to your project directory) that
[info] will contain Hosting assets to be uploaded with firebase deploy. If you
[info] have a build process for your assets, use your build's output directory.
[info] 
[debug] [2023-02-01T09:21:17.879Z] >>> [apiv2][query] GET https://www.gstatic.com/firebasejs/releases.json [none]
[debug] [2023-02-01T09:21:18.104Z] <<< [apiv2][status] GET https://www.gstatic.com/firebasejs/releases.json 200
[debug] [2023-02-01T09:21:18.105Z] <<< [apiv2][body] GET https://www.gstatic.com/firebasejs/releases.json {"current":{"version":"9.16.0","browserURL":"https://www.gstatic.com/firebasejs/9.16.0/firebase.js","packageURL":"https://www.gstatic.com/firebasejs/9.16.0/firebase.tgz"},"live":{"version":"9.16","browserURL":"https://www.gstatic.com/firebasejs/live/9.16/firebase.js","packageURL":"https://www.gstatic.com/firebasejs/live/9.16/firebase.tgz"},"components":{"analytics":"https://www.gstatic.com/firebasejs/9.16.0/firebase-analytics.js","app":"https://www.gstatic.com/firebasejs/9.16.0/firebase-app.js","app-check":"https://www.gstatic.com/firebasejs/9.16.0/firebase-app-check.js","auth":"https://www.gstatic.com/firebasejs/9.16.0/firebase-auth.js","auth/cordova":"https://www.gstatic.com/firebasejs/9.16.0/firebase-auth/cordova.js","auth/react-native":"https://www.gstatic.com/firebasejs/9.16.0/firebase-auth/react-native.js","functions":"https://www.gstatic.com/firebasejs/9.16.0/firebase-functions.js","firestore":"https://www.gstatic.com/firebasejs/9.16.0/firebase-firestore.js","firestore/lite":"https://www.gstatic.com/firebasejs/9.16.0/firebase-firestore/lite.js","installations":"https://www.gstatic.com/firebasejs/9.16.0/firebase-installations.js","storage":"https://www.gstatic.com/firebasejs/9.16.0/firebase-storage.js","performance":"https://www.gstatic.com/firebasejs/9.16.0/firebase-performance.js","remote-config":"https://www.gstatic.com/firebasejs/9.16.0/firebase-remote-config.js","messaging":"https://www.gstatic.com/firebasejs/9.16.0/firebase-messaging.js","messaging/sw":"https://www.gstatic.com/firebasejs/9.16.0/firebase-messaging/sw.js","database":"https://www.gstatic.com/firebasejs/9.16.0/firebase-database.js","firestore.memory":"https://www.gstatic.com/firebasejs/9.16.0/firebase-firestore.memory.js"}}
[info] i  Skipping write of dist/apps/doc/index.html 
[info] 
[info] i  Detected a .git folder at /Users/zurabmagomadov/projects/zyfra/sdk/zui-sdk-public 
[info] i  Authorizing with GitHub to upload your service account to a GitHub repository's secrets store. 
[info] 
[info] Visit this URL on this device to log in:
[info] https://github.com/login/oauth/authorize?client_id=89cf50f02ac6aaed3484&state=255565167&redirect_uri=http%3A%2F%2Flocalhost%3A9005&scope=read%3Auser%20repo%20public_repo
[info] 
[info] Waiting for authentication...
[debug] [2023-02-01T09:22:13.310Z] >>> [apiv2][query] POST https://github.com/login/oauth/access_token [none]
[debug] [2023-02-01T09:22:13.310Z] >>> [apiv2][body] POST https://github.com/login/oauth/access_token [stream]
[debug] [2023-02-01T09:22:13.855Z] <<< [apiv2][status] POST https://github.com/login/oauth/access_token 200
[debug] [2023-02-01T09:22:13.855Z] <<< [apiv2][body] POST https://github.com/login/oauth/access_token {"access_token":"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","token_type":"bearer","scope":"read:user,repo"}
[debug] [2023-02-01T09:22:13.880Z] >>> [apiv2][query] GET https://api.github.com/user [none]
[debug] [2023-02-01T09:22:14.464Z] <<< [apiv2][status] GET https://api.github.com/user 200
[debug] [2023-02-01T09:22:14.464Z] <<< [apiv2][body] GET https://api.github.com/user {"login":"ZurabDev","id":75216044,"node_id":"MDQ6VXNlcjc1MjE2MDQ0","avatar_url":"https://avatars.githubusercontent.com/u/75216044?v=4","gravatar_id":"","url":"https://api.github.com/users/ZurabDev","html_url":"https://github.com/ZurabDev","followers_url":"https://api.github.com/users/ZurabDev/followers","following_url":"https://api.github.com/users/ZurabDev/following{/other_user}","gists_url":"https://api.github.com/users/ZurabDev/gists{/gist_id}","starred_url":"https://api.github.com/users/ZurabDev/starred{/owner}{/repo}","subscriptions_url":"https://api.github.com/users/ZurabDev/subscriptions","organizations_url":"https://api.github.com/users/ZurabDev/orgs","repos_url":"https://api.github.com/users/ZurabDev/repos","events_url":"https://api.github.com/users/ZurabDev/events{/privacy}","received_events_url":"https://api.github.com/users/ZurabDev/received_events","type":"User","site_admin":false,"name":"Zurab Developer","company":null,"blog":"","location":null,"email":null,"hireable":null,"bio":null,"twitter_username":null,"public_repos":5,"public_gists":0,"followers":0,"following":0,"created_at":"2020-11-29T16:39:22Z","updated_at":"2023-01-26T07:10:19Z","private_gists":0,"total_private_repos":0,"owned_private_repos":0,"disk_usage":250,"collaborators":0,"two_factor_authentication":true,"plan":{"name":"free","space":976562499,"collaborators":0,"private_repos":10000}}
[info] 
[info] ✔  Success! Logged into GitHub as ZurabDev 
[info] 
[debug] [2023-02-01T09:22:28.530Z] >>> [apiv2][query] GET https://api.github.com/repos/zyfra/Prizm/actions/secrets/public-key type=owner
[debug] [2023-02-01T09:22:28.939Z] <<< [apiv2][status] GET https://api.github.com/repos/zyfra/Prizm/actions/secrets/public-key 403
[debug] [2023-02-01T09:22:28.939Z] <<< [apiv2][body] GET https://api.github.com/repos/zyfra/Prizm/actions/secrets/public-key {"message":"Must have admin rights to Repository.","documentation_url":"https://docs.github.com/rest/reference/actions#get-a-repository-public-key"}
[info] 
[info] 
[error] ⚠  The provided authorization cannot be used with this repository. If this repository is in an organization, did you remember to grant access? 
[info] 
[info] i  Action required: Visit this URL to ensure access has been granted to the appropriate organization(s) for the Firebase CLI GitHub OAuth App: 
[info] https://github.com/settings/connections/applications/89cf50f02ac6aaed3484
[info] 
[debug] [2023-02-01T09:22:30.552Z] >>> [apiv2][query] GET https://api.github.com/repos/zyfra/Prizm/actions/secrets/public-key type=owner
[debug] [2023-02-01T09:22:30.962Z] <<< [apiv2][status] GET https://api.github.com/repos/zyfra/Prizm/actions/secrets/public-key 403
[debug] [2023-02-01T09:22:30.962Z] <<< [apiv2][body] GET https://api.github.com/repos/zyfra/Prizm/actions/secrets/public-key {"message":"Must have admin rights to Repository.","documentation_url":"https://docs.github.com/rest/reference/actions#get-a-repository-public-key"}
[info] 
[info] 
[error] ⚠  The provided authorization cannot be used with this repository. If this repository is in an organization, did you remember to grant access? 
[info] 
[info] i  Action required: Visit this URL to ensure access has been granted to the appropriate organization(s) for the Firebase CLI GitHub OAuth App: 
[info] https://github.com/settings/connections/applications/89cf50f02ac6aaed3484
[info] 
[debug] [2023-02-01T09:22:32.458Z] >>> [apiv2][query] GET https://api.github.com/repos/zyfra/Prizm/actions/secrets/public-key type=owner
[debug] [2023-02-01T09:22:32.842Z] <<< [apiv2][status] GET https://api.github.com/repos/zyfra/Prizm/actions/secrets/public-key 403
[debug] [2023-02-01T09:22:32.842Z] <<< [apiv2][body] GET https://api.github.com/repos/zyfra/Prizm/actions/secrets/public-key {"message":"Must have admin rights to Repository.","documentation_url":"https://docs.github.com/rest/reference/actions#get-a-repository-public-key"}
[info] 
[info] 
[error] ⚠  The provided authorization cannot be used with this repository. If this repository is in an organization, did you remember to grant access? 
[info] 
[info] i  Action required: Visit this URL to ensure access has been granted to the appropriate organization(s) for the Firebase CLI GitHub OAuth App: 
[info] https://github.com/settings/connections/applications/89cf50f02ac6aaed3484
[info] 
[debug] [2023-02-01T09:22:43.956Z] >>> [apiv2][query] GET https://api.github.com/repos/zyfra/Prizm/actions/secrets/public-key type=owner
[debug] [2023-02-01T09:22:44.375Z] <<< [apiv2][status] GET https://api.github.com/repos/zyfra/Prizm/actions/secrets/public-key 403
[debug] [2023-02-01T09:22:44.375Z] <<< [apiv2][body] GET https://api.github.com/repos/zyfra/Prizm/actions/secrets/public-key {"message":"Must have admin rights to Repository.","documentation_url":"https://docs.github.com/rest/reference/actions#get-a-repository-public-key"}
[info] 
[info] 
[error] ⚠  The provided authorization cannot be used with this repository. If this repository is in an organization, did you remember to grant access? 
[info] 
[info] i  Action required: Visit this URL to ensure access has been granted to the appropriate organization(s) for the Firebase CLI GitHub OAuth App: 
[info] https://github.com/settings/connections/applications/89cf50f02ac6aaed3484
[info] 
[debug] [2023-02-01T09:23:37.672Z] >>> [apiv2][query] GET https://api.github.com/repos/zyfra/Prizm/actions/secrets/public-key type=owner
[debug] [2023-02-01T09:23:38.054Z] <<< [apiv2][status] GET https://api.github.com/repos/zyfra/Prizm/actions/secrets/public-key 403
[debug] [2023-02-01T09:23:38.055Z] <<< [apiv2][body] GET https://api.github.com/repos/zyfra/Prizm/actions/secrets/public-key {"message":"Must have admin rights to Repository.","documentation_url":"https://docs.github.com/rest/reference/actions#get-a-repository-public-key"}
[info] 
[info] 
[error] ⚠  The provided authorization cannot be used with this repository. If this repository is in an organization, did you remember to grant access? 
[info] 
[info] i  Action required: Visit this URL to ensure access has been granted to the appropriate organization(s) for the Firebase CLI GitHub OAuth App: 
[info] https://github.com/settings/connections/applications/89cf50f02ac6aaed3484
[info] 
[debug] [2023-02-01T09:23:38.567Z] >>> [apiv2][query] GET https://api.github.com/repos/zyfra/Prizm/actions/secrets/public-key type=owner
[debug] [2023-02-01T09:23:38.952Z] <<< [apiv2][status] GET https://api.github.com/repos/zyfra/Prizm/actions/secrets/public-key 403
[debug] [2023-02-01T09:23:38.952Z] <<< [apiv2][body] GET https://api.github.com/repos/zyfra/Prizm/actions/secrets/public-key {"message":"Must have admin rights to Repository.","documentation_url":"https://docs.github.com/rest/reference/actions#get-a-repository-public-key"}
[info] 
[info] 
[error] ⚠  The provided authorization cannot be used with this repository. If this repository is in an organization, did you remember to grant access? 
[info] 
[info] i  Action required: Visit this URL to ensure access has been granted to the appropriate organization(s) for the Firebase CLI GitHub OAuth App: 
[info] https://github.com/settings/connections/applications/89cf50f02ac6aaed3484
[info] 
[debug] [2023-02-01T09:23:39.823Z] >>> [apiv2][query] GET https://api.github.com/repos/zyfra/Prizm/actions/secrets/public-key type=owner
[debug] [2023-02-01T09:23:40.077Z] >>> [apiv2][query] GET https://api.github.com/repos/zyfra/Prizm/actions/secrets/public-key type=owner
[debug] [2023-02-01T09:23:40.186Z] <<< [apiv2][status] GET https://api.github.com/repos/zyfra/Prizm/actions/secrets/public-key 403
[debug] [2023-02-01T09:23:40.186Z] <<< [apiv2][body] GET https://api.github.com/repos/zyfra/Prizm/actions/secrets/public-key {"message":"Must have admin rights to Repository.","documentation_url":"https://docs.github.com/rest/reference/actions#get-a-repository-public-key"}
[info] 
[info] 
[error] ⚠  The provided authorization cannot be used with this repository. If this repository is in an organization, did you remember to grant access? 
[info] 
[info] i  Action required: Visit this URL to ensure access has been granted to the appropriate organization(s) for the Firebase CLI GitHub OAuth App: 
[info] https://github.com/settings/connections/applications/89cf50f02ac6aaed3484
[info] 
[debug] [2023-02-01T09:23:40.450Z] <<< [apiv2][status] GET https://api.github.com/repos/zyfra/Prizm/actions/secrets/public-key 403
[debug] [2023-02-01T09:23:40.450Z] <<< [apiv2][body] GET https://api.github.com/repos/zyfra/Prizm/actions/secrets/public-key {"message":"Must have admin rights to Repository.","documentation_url":"https://docs.github.com/rest/reference/actions#get-a-repository-public-key"}
[info] 
[info] 
[error] ⚠  The provided authorization cannot be used with this repository. If this repository is in an organization, did you remember to grant access? 
[info] 
[info] i  Action required: Visit this URL to ensure access has been granted to the appropriate organization(s) for the Firebase CLI GitHub OAuth App: 
[info] https://github.com/settings/connections/applications/89cf50f02ac6aaed3484
[info] 
[debug] [2023-02-01T09:23:43.386Z] >>> [apiv2][query] GET https://api.github.com/repos/zyfra/Prizm/actions/secrets/public-key type=owner
[debug] [2023-02-01T09:23:43.747Z] <<< [apiv2][status] GET https://api.github.com/repos/zyfra/Prizm/actions/secrets/public-key 403
[debug] [2023-02-01T09:23:43.747Z] <<< [apiv2][body] GET https://api.github.com/repos/zyfra/Prizm/actions/secrets/public-key {"message":"Must have admin rights to Repository.","documentation_url":"https://docs.github.com/rest/reference/actions#get-a-repository-public-key"}
[info] 
[info] 
[error] ⚠  The provided authorization cannot be used with this repository. If this repository is in an organization, did you remember to grant access? 
[info] 
[info] i  Action required: Visit this URL to ensure access has been granted to the appropriate organization(s) for the Firebase CLI GitHub OAuth App: 
[info] https://github.com/settings/connections/applications/89cf50f02ac6aaed3484
[info] 
[debug] [2023-02-01T09:23:48.957Z] >>> [apiv2][query] GET https://api.github.com/repos/zyfra/Prizm/actions/secrets/public-key type=owner
[debug] [2023-02-01T09:23:49.327Z] <<< [apiv2][status] GET https://api.github.com/repos/zyfra/Prizm/actions/secrets/public-key 403
[debug] [2023-02-01T09:23:49.327Z] <<< [apiv2][body] GET https://api.github.com/repos/zyfra/Prizm/actions/secrets/public-key {"message":"Must have admin rights to Repository.","documentation_url":"https://docs.github.com/rest/reference/actions#get-a-repository-public-key"}
[info] 
[info] 
[error] ⚠  The provided authorization cannot be used with this repository. If this repository is in an organization, did you remember to grant access? 
[info] 
[info] i  Action required: Visit this URL to ensure access has been granted to the appropriate organization(s) for the Firebase CLI GitHub OAuth App: 
[info] https://github.com/settings/connections/applications/89cf50f02ac6aaed3484
[info] 
[debug] [2023-02-01T09:24:02.020Z] >>> [apiv2][query] GET https://api.github.com/repos/zyfra/Prizm/actions/secrets/public-key type=owner
[debug] [2023-02-01T09:24:02.396Z] <<< [apiv2][status] GET https://api.github.com/repos/zyfra/Prizm/actions/secrets/public-key 403
[debug] [2023-02-01T09:24:02.396Z] <<< [apiv2][body] GET https://api.github.com/repos/zyfra/Prizm/actions/secrets/public-key {"message":"Must have admin rights to Repository.","documentation_url":"https://docs.github.com/rest/reference/actions#get-a-repository-public-key"}
[info] 
[info] 
[error] ⚠  The provided authorization cannot be used with this repository. If this repository is in an organization, did you remember to grant access? 
[info] 
[info] i  Action required: Visit this URL to ensure access has been granted to the appropriate organization(s) for the Firebase CLI GitHub OAuth App: 
[info] https://github.com/settings/connections/applications/89cf50f02ac6aaed3484
[info] 
[debug] [2023-02-01T09:24:04.394Z] >>> [apiv2][query] GET https://api.github.com/repos/zyfra/Prizm/actions/secrets/public-key type=owner
[debug] [2023-02-01T09:24:04.784Z] <<< [apiv2][status] GET https://api.github.com/repos/zyfra/Prizm/actions/secrets/public-key 403
[debug] [2023-02-01T09:24:04.784Z] <<< [apiv2][body] GET https://api.github.com/repos/zyfra/Prizm/actions/secrets/public-key {"message":"Must have admin rights to Repository.","documentation_url":"https://docs.github.com/rest/reference/actions#get-a-repository-public-key"}
[info] 
[info] 
[error] ⚠  The provided authorization cannot be used with this repository. If this repository is in an organization, did you remember to grant access? 
[info] 
[info] i  Action required: Visit this URL to ensure access has been granted to the appropriate organization(s) for the Firebase CLI GitHub OAuth App: 
[info] https://github.com/settings/connections/applications/89cf50f02ac6aaed3484
[info] 
[debug] [2023-02-01T09:24:06.130Z] >>> [apiv2][query] GET https://api.github.com/repos/zyfra/Prizm/actions/secrets/public-key type=owner
[debug] [2023-02-01T09:24:06.496Z] <<< [apiv2][status] GET https://api.github.com/repos/zyfra/Prizm/actions/secrets/public-key 403
[debug] [2023-02-01T09:24:06.496Z] <<< [apiv2][body] GET https://api.github.com/repos/zyfra/Prizm/actions/secrets/public-key {"message":"Must have admin rights to Repository.","documentation_url":"https://docs.github.com/rest/reference/actions#get-a-repository-public-key"}
[info] 
[info] 
[error] ⚠  The provided authorization cannot be used with this repository. If this repository is in an organization, did you remember to grant access? 
[info] 
[info] i  Action required: Visit this URL to ensure access has been granted to the appropriate organization(s) for the Firebase CLI GitHub OAuth App: 
[info] https://github.com/settings/connections/applications/89cf50f02ac6aaed3484
[info] 
[debug] [2023-02-01T09:24:09.405Z] >>> [apiv2][query] GET https://api.github.com/repos/zyfra/Prizm/actions/secrets/public-key type=owner
[debug] [2023-02-01T09:24:09.754Z] <<< [apiv2][status] GET https://api.github.com/repos/zyfra/Prizm/actions/secrets/public-key 403
[debug] [2023-02-01T09:24:09.755Z] <<< [apiv2][body] GET https://api.github.com/repos/zyfra/Prizm/actions/secrets/public-key {"message":"Must have admin rights to Repository.","documentation_url":"https://docs.github.com/rest/reference/actions#get-a-repository-public-key"}
[info] 
[info] 
[error] ⚠  The provided authorization cannot be used with this repository. If this repository is in an organization, did you remember to grant access? 
[info] 
[info] i  Action required: Visit this URL to ensure access has been granted to the appropriate organization(s) for the Firebase CLI GitHub OAuth App: 
[info] https://github.com/settings/connections/applications/89cf50f02ac6aaed3484
[info] 
[debug] [2023-02-01T09:26:35.728Z] >>> [apiv2][query] GET https://api.github.com/repos/zyfra/Prizm/actions/secrets/public-key type=owner
[debug] [2023-02-01T09:26:36.175Z] <<< [apiv2][status] GET https://api.github.com/repos/zyfra/Prizm/actions/secrets/public-key 403
[debug] [2023-02-01T09:26:36.176Z] <<< [apiv2][body] GET https://api.github.com/repos/zyfra/Prizm/actions/secrets/public-key {"message":"Must have admin rights to Repository.","documentation_url":"https://docs.github.com/rest/reference/actions#get-a-repository-public-key"}
[info] 
[info] 
[error] ⚠  The provided authorization cannot be used with this repository. If this repository is in an organization, did you remember to grant access? 
[info] 
[info] i  Action required: Visit this URL to ensure access has been granted to the appropriate organization(s) for the Firebase CLI GitHub OAuth App: 
[info] https://github.com/settings/connections/applications/89cf50f02ac6aaed3484
[info] 
